<?xml version="1.0" encoding="UTF-8"?>
<coverage generated="1708713550902" clover="3.2.0">
  <project timestamp="1708713550903" name="All files">
    <metrics statements="21" coveredstatements="7" conditionals="0" coveredconditionals="0" methods="5" coveredmethods="2" elements="26" coveredelements="9" complexity="0" loc="21" ncloc="21" packages="1" files="1" classes="1"/>
    <file name="CarsController.ts" path="C:\Users\elpib\Desktop\Pau\Bigger\crud-cars\src\module\cars\controller\CarsController.ts">
      <metrics statements="21" coveredstatements="7" conditionals="0" coveredconditionals="0" methods="5" coveredmethods="2"/>
      <line num="5" count="1" type="stmt"/>
      <line num="10" count="1" type="stmt"/>
      <line num="11" count="1" type="stmt"/>
      <line num="16" count="2" type="stmt"/>
      <line num="17" count="2" type="stmt"/>
      <line num="18" count="1" type="stmt"/>
      <line num="20" count="1" type="stmt"/>
      <line num="25" count="0" type="stmt"/>
      <line num="26" count="0" type="stmt"/>
      <line num="27" count="0" type="stmt"/>
      <line num="29" count="0" type="stmt"/>
      <line num="34" count="0" type="stmt"/>
      <line num="35" count="0" type="stmt"/>
      <line num="36" count="0" type="stmt"/>
      <line num="37" count="0" type="stmt"/>
      <line num="39" count="0" type="stmt"/>
      <line num="44" count="0" type="stmt"/>
      <line num="45" count="0" type="stmt"/>
      <line num="46" count="0" type="stmt"/>
      <line num="47" count="0" type="stmt"/>
      <line num="49" count="0" type="stmt"/>
    </file>
  </project>
</coverage>
