{"C:\\Users\\elpib\\Desktop\\Pau\\Bigger\\crud-cars\\src\\module\\cars\\controller\\CarsController.ts": {"path":"C:\\Users\\elpib\\Desktop\\Pau\\Bigger\\crud-cars\\src\\module\\cars\\controller\\CarsController.ts","statementMap":{"0":{"start":{"line":10,"column":8},"end":{"line":10,"column":39}},"1":{"start":{"line":11,"column":8},"end":{"line":11,"column":45}},"2":{"start":{"line":16,"column":8},"end":{"line":21,"column":9}},"3":{"start":{"line":17,"column":28},"end":{"line":17,"column":70}},"4":{"start":{"line":18,"column":12},"end":{"line":18,"column":42}},"5":{"start":{"line":20,"column":12},"end":{"line":20,"column":84}},"6":{"start":{"line":25,"column":8},"end":{"line":30,"column":9}},"7":{"start":{"line":26,"column":25},"end":{"line":26,"column":64}},"8":{"start":{"line":27,"column":12},"end":{"line":27,"column":39}},"9":{"start":{"line":29,"column":12},"end":{"line":29,"column":84}},"10":{"start":{"line":34,"column":8},"end":{"line":40,"column":9}},"11":{"start":{"line":35,"column":26},"end":{"line":35,"column":39}},"12":{"start":{"line":36,"column":32},"end":{"line":36,"column":84}},"13":{"start":{"line":37,"column":12},"end":{"line":37,"column":46}},"14":{"start":{"line":39,"column":12},"end":{"line":39,"column":84}},"15":{"start":{"line":44,"column":8},"end":{"line":50,"column":9}},"16":{"start":{"line":45,"column":26},"end":{"line":45,"column":39}},"17":{"start":{"line":46,"column":12},"end":{"line":46,"column":55}},"18":{"start":{"line":47,"column":12},"end":{"line":47,"column":28}},"19":{"start":{"line":49,"column":12},"end":{"line":49,"column":84}},"20":{"start":{"line":5,"column":0},"end":{"line":5,"column":13}}},"fnMap":{"0":{"name":"(anonymous_7)","decl":{"start":{"line":9,"column":4},"end":{"line":9,"column":16}},"loc":{"start":{"line":9,"column":73},"end":{"line":12,"column":5}}},"1":{"name":"(anonymous_8)","decl":{"start":{"line":14,"column":10},"end":{"line":14,"column":19}},"loc":{"start":{"line":14,"column":47},"end":{"line":22,"column":null}}},"2":{"name":"(anonymous_10)","decl":{"start":{"line":24,"column":10},"end":{"line":24,"column":18}},"loc":{"start":{"line":24,"column":46},"end":{"line":31,"column":null}}},"3":{"name":"(anonymous_12)","decl":{"start":{"line":33,"column":10},"end":{"line":33,"column":19}},"loc":{"start":{"line":33,"column":47},"end":{"line":41,"column":null}}},"4":{"name":"(anonymous_14)","decl":{"start":{"line":43,"column":10},"end":{"line":43,"column":19}},"loc":{"start":{"line":43,"column":47},"end":{"line":51,"column":null}}}},"branchMap":{},"s":{"0":1,"1":1,"2":2,"3":2,"4":1,"5":1,"6":0,"7":0,"8":0,"9":0,"10":0,"11":0,"12":0,"13":0,"14":0,"15":0,"16":0,"17":0,"18":0,"19":0,"20":1},"f":{"0":1,"1":2,"2":0,"3":0,"4":0},"b":{}}
}
