{"C:\\Users\\elpib\\Desktop\\Pau\\Bigger\\crud-cars\\src\\__tests__\\mocks\\carMocks.ts": {"path":"C:\\Users\\elpib\\Desktop\\Pau\\Bigger\\crud-cars\\src\\__tests__\\mocks\\carMocks.ts","statementMap":{"0":{"start":{"line":5,"column":13},"end":{"line":51,"column":null}},"1":{"start":{"line":54,"column":13},"end":{"line":67,"column":4}},"2":{"start":{"line":56,"column":28},"end":{"line":56,"column":53}},"3":{"start":{"line":57,"column":26},"end":{"line":65,"column":8}},"4":{"start":{"line":69,"column":13},"end":{"line":72,"column":2}}},"fnMap":{"0":{"name":"(anonymous_0)","decl":{"start":{"line":56,"column":22},"end":{"line":56,"column":25}},"loc":{"start":{"line":56,"column":28},"end":{"line":56,"column":53}}},"1":{"name":"(anonymous_1)","decl":{"start":{"line":57,"column":20},"end":{"line":57,"column":23}},"loc":{"start":{"line":57,"column":26},"end":{"line":65,"column":8}}}},"branchMap":{},"s":{"0":1,"1":1,"2":1,"3":1,"4":1},"f":{"0":1,"1":1},"b":{}}
,"C:\\Users\\elpib\\Desktop\\Pau\\Bigger\\crud-cars\\src\\module\\cars\\controller\\CarsController.ts": {"path":"C:\\Users\\elpib\\Desktop\\Pau\\Bigger\\crud-cars\\src\\module\\cars\\controller\\CarsController.ts","statementMap":{"0":{"start":{"line":4,"column":0},"end":{"line":4,"column":44}},"1":{"start":{"line":11,"column":8},"end":{"line":11,"column":39}},"2":{"start":{"line":12,"column":8},"end":{"line":12,"column":45}},"3":{"start":{"line":16,"column":8},"end":{"line":25,"column":9}},"4":{"start":{"line":17,"column":27},"end":{"line":17,"column":69}},"5":{"start":{"line":18,"column":12},"end":{"line":18,"column":41}},"6":{"start":{"line":20,"column":12},"end":{"line":24,"column":13}},"7":{"start":{"line":21,"column":16},"end":{"line":21,"column":88}},"8":{"start":{"line":23,"column":16},"end":{"line":23,"column":91}},"9":{"start":{"line":29,"column":8},"end":{"line":38,"column":9}},"10":{"start":{"line":30,"column":25},"end":{"line":30,"column":64}},"11":{"start":{"line":31,"column":12},"end":{"line":31,"column":39}},"12":{"start":{"line":33,"column":12},"end":{"line":37,"column":13}},"13":{"start":{"line":34,"column":16},"end":{"line":34,"column":88}},"14":{"start":{"line":36,"column":16},"end":{"line":36,"column":91}},"15":{"start":{"line":42,"column":8},"end":{"line":52,"column":9}},"16":{"start":{"line":43,"column":26},"end":{"line":43,"column":39}},"17":{"start":{"line":44,"column":31},"end":{"line":44,"column":83}},"18":{"start":{"line":45,"column":12},"end":{"line":45,"column":45}},"19":{"start":{"line":47,"column":12},"end":{"line":51,"column":13}},"20":{"start":{"line":48,"column":16},"end":{"line":48,"column":88}},"21":{"start":{"line":50,"column":16},"end":{"line":50,"column":91}},"22":{"start":{"line":56,"column":8},"end":{"line":66,"column":9}},"23":{"start":{"line":57,"column":26},"end":{"line":57,"column":39}},"24":{"start":{"line":58,"column":12},"end":{"line":58,"column":55}},"25":{"start":{"line":59,"column":12},"end":{"line":59,"column":28}},"26":{"start":{"line":61,"column":12},"end":{"line":65,"column":13}},"27":{"start":{"line":62,"column":16},"end":{"line":62,"column":88}},"28":{"start":{"line":64,"column":16},"end":{"line":64,"column":91}},"29":{"start":{"line":6,"column":0},"end":{"line":6,"column":13}}},"fnMap":{"0":{"name":"(anonymous_7)","decl":{"start":{"line":10,"column":4},"end":{"line":10,"column":16}},"loc":{"start":{"line":10,"column":73},"end":{"line":13,"column":5}}},"1":{"name":"(anonymous_8)","decl":{"start":{"line":15,"column":10},"end":{"line":15,"column":19}},"loc":{"start":{"line":15,"column":47},"end":{"line":26,"column":null}}},"2":{"name":"(anonymous_10)","decl":{"start":{"line":28,"column":10},"end":{"line":28,"column":18}},"loc":{"start":{"line":28,"column":46},"end":{"line":39,"column":null}}},"3":{"name":"(anonymous_12)","decl":{"start":{"line":41,"column":10},"end":{"line":41,"column":19}},"loc":{"start":{"line":41,"column":47},"end":{"line":53,"column":null}}},"4":{"name":"(anonymous_14)","decl":{"start":{"line":55,"column":10},"end":{"line":55,"column":19}},"loc":{"start":{"line":55,"column":47},"end":{"line":67,"column":null}}}},"branchMap":{"0":{"loc":{"start":{"line":20,"column":12},"end":{"line":24,"column":13}},"type":"if","locations":[{"start":{"line":20,"column":12},"end":{"line":24,"column":13}},{"start":{"line":22,"column":19},"end":{"line":24,"column":13}}]},"1":{"loc":{"start":{"line":33,"column":12},"end":{"line":37,"column":13}},"type":"if","locations":[{"start":{"line":33,"column":12},"end":{"line":37,"column":13}},{"start":{"line":35,"column":19},"end":{"line":37,"column":13}}]},"2":{"loc":{"start":{"line":47,"column":12},"end":{"line":51,"column":13}},"type":"if","locations":[{"start":{"line":47,"column":12},"end":{"line":51,"column":13}},{"start":{"line":49,"column":19},"end":{"line":51,"column":13}}]},"3":{"loc":{"start":{"line":61,"column":12},"end":{"line":65,"column":13}},"type":"if","locations":[{"start":{"line":61,"column":12},"end":{"line":65,"column":13}},{"start":{"line":63,"column":19},"end":{"line":65,"column":13}}]}},"s":{"0":1,"1":1,"2":1,"3":3,"4":3,"5":1,"6":2,"7":0,"8":2,"9":3,"10":3,"11":1,"12":2,"13":0,"14":2,"15":3,"16":3,"17":3,"18":1,"19":2,"20":0,"21":2,"22":3,"23":3,"24":3,"25":1,"26":2,"27":0,"28":2,"29":1},"f":{"0":1,"1":3,"2":3,"3":3,"4":3},"b":{"0":[0,2],"1":[0,2],"2":[0,2],"3":[0,2]}}
}
