TN:
SF:src\__tests__\mocks\carMocks.ts
FN:56,(anonymous_0)
FN:65,(anonymous_1)
FN:66,(anonymous_2)
FN:80,(anonymous_3)
FN:94,(anonymous_4)
FN:95,(anonymous_5)
FN:96,(anonymous_6)
FNF:7
FNH:4
FNDA:1,(anonymous_0)
FNDA:1,(anonymous_1)
FNDA:1,(anonymous_2)
FNDA:2,(anonymous_3)
FNDA:0,(anonymous_4)
FNDA:0,(anonymous_5)
FNDA:0,(anonymous_6)
DA:4,2
DA:6,2
DA:45,2
DA:55,2
DA:56,1
DA:65,1
DA:66,1
DA:78,2
DA:82,2
DA:84,1
DA:94,0
DA:95,0
DA:96,0
DA:99,1
DA:100,1
DA:102,1
LF:16
LH:13
BRDA:82,0,0,1
BRDA:82,0,1,1
BRF:2
BRH:2
end_of_record
TN:
SF:src\__tests__\mocks\clientMocks.ts
FN:35,(anonymous_0)
FN:40,(anonymous_1)
FN:41,(anonymous_2)
FN:51,(anonymous_3)
FNF:4
FNH:4
FNDA:1,(anonymous_0)
FNDA:1,(anonymous_1)
FNDA:1,(anonymous_2)
FNDA:1,(anonymous_3)
DA:5,2
DA:28,2
DA:34,2
DA:35,1
DA:40,1
DA:41,1
DA:49,2
DA:51,1
LF:8
LH:8
BRF:0
BRH:0
end_of_record
TN:
SF:src\module\cars\controller\CarsController.ts
FN:10,(anonymous_7)
FN:15,(anonymous_8)
FN:28,(anonymous_10)
FN:41,(anonymous_12)
FN:55,(anonymous_14)
FNF:5
FNH:5
FNDA:1,(anonymous_7)
FNDA:3,(anonymous_8)
FNDA:3,(anonymous_10)
FNDA:3,(anonymous_12)
FNDA:3,(anonymous_14)
DA:4,1
DA:6,1
DA:11,1
DA:12,1
DA:16,3
DA:17,3
DA:18,1
DA:20,2
DA:21,1
DA:23,1
DA:29,3
DA:30,3
DA:31,1
DA:33,2
DA:34,0
DA:36,2
DA:42,3
DA:43,3
DA:44,3
DA:45,1
DA:47,2
DA:48,0
DA:50,2
DA:56,3
DA:57,3
DA:58,3
DA:59,1
DA:61,2
DA:62,0
DA:64,2
LF:30
LH:27
BRDA:20,0,0,1
BRDA:20,0,1,1
BRDA:33,1,0,0
BRDA:33,1,1,2
BRDA:47,2,0,0
BRDA:47,2,1,2
BRDA:61,3,0,0
BRDA:61,3,1,2
BRF:8
BRH:5
end_of_record
TN:
SF:src\module\cars\service\CarsService.ts
FN:5,(anonymous_7)
FN:7,(anonymous_8)
FNF:2
FNH:2
FNDA:1,(anonymous_7)
FNDA:1,(anonymous_8)
DA:4,1
DA:5,1
DA:8,1
LF:3
LH:3
BRF:0
BRH:0
end_of_record
TN:
SF:src\module\clients\controller\ClientsController.ts
FN:11,(anonymous_7)
FN:16,(anonymous_8)
FN:30,(anonymous_10)
FN:42,(anonymous_12)
FN:58,(anonymous_14)
FNF:5
FNH:5
FNDA:1,(anonymous_7)
FNDA:3,(anonymous_8)
FNDA:3,(anonymous_10)
FNDA:3,(anonymous_12)
FNDA:3,(anonymous_14)
DA:4,1
DA:6,1
DA:12,1
DA:13,1
DA:17,3
DA:18,3
DA:20,1
DA:23,2
DA:24,0
DA:26,2
DA:31,3
DA:32,3
DA:33,1
DA:35,2
DA:36,0
DA:38,2
DA:43,3
DA:44,3
DA:46,3
DA:48,1
DA:51,2
DA:52,0
DA:54,2
DA:59,3
DA:60,3
DA:62,3
DA:63,1
DA:66,2
DA:67,0
DA:69,2
DA:75,1
LF:31
LH:27
BRDA:23,0,0,0
BRDA:23,0,1,2
BRDA:35,1,0,0
BRDA:35,1,1,2
BRDA:51,2,0,0
BRDA:51,2,1,2
BRDA:66,3,0,0
BRDA:66,3,1,2
BRF:8
BRH:4
end_of_record
TN:
SF:src\module\clients\service\ClientsService.ts
FN:5,(anonymous_7)
FN:7,(anonymous_8)
FNF:2
FNH:2
FNDA:1,(anonymous_7)
FNDA:1,(anonymous_8)
DA:4,1
DA:5,1
DA:8,1
LF:3
LH:3
BRF:0
BRH:0
end_of_record
