TN:
SF:src\__tests__\mocks\carMocks.ts
FN:47,(anonymous_0)
FN:48,(anonymous_1)
FN:62,(anonymous_2)
FNF:3
FNH:3
FNDA:1,(anonymous_0)
FNDA:1,(anonymous_1)
FNDA:1,(anonymous_2)
DA:5,1
DA:45,1
DA:47,1
DA:48,1
DA:60,1
DA:62,1
LF:6
LH:6
BRF:0
BRH:0
end_of_record
TN:
SF:src\module\cars\controller\CarsController.ts
FN:10,(anonymous_7)
FN:15,(anonymous_8)
FN:28,(anonymous_10)
FN:41,(anonymous_12)
FN:55,(anonymous_14)
FNF:5
FNH:5
FNDA:1,(anonymous_7)
FNDA:3,(anonymous_8)
FNDA:3,(anonymous_10)
FNDA:3,(anonymous_12)
FNDA:3,(anonymous_14)
DA:4,1
DA:6,1
DA:11,1
DA:12,1
DA:16,3
DA:17,3
DA:18,1
DA:20,2
DA:21,0
DA:23,2
DA:29,3
DA:30,3
DA:31,1
DA:33,2
DA:34,0
DA:36,2
DA:42,3
DA:43,3
DA:44,3
DA:45,1
DA:47,2
DA:48,0
DA:50,2
DA:56,3
DA:57,3
DA:58,3
DA:59,1
DA:61,2
DA:62,0
DA:64,2
LF:30
LH:26
BRDA:20,0,0,0
BRDA:20,0,1,2
BRDA:33,1,0,0
BRDA:33,1,1,2
BRDA:47,2,0,0
BRDA:47,2,1,2
BRDA:61,3,0,0
BRDA:61,3,1,2
BRF:8
BRH:4
end_of_record
